{"D:\\FSA_GovTech_Training\\Web_Developer_Interview_FSA_GovTech\\search-web\\src\\App.tsx": {"path":"D:\\FSA_GovTech_Training\\Web_Developer_Interview_FSA_GovTech\\search-web\\src\\App.tsx","statementMap":{"0":{"start":{"line":1,"column":0},"end":{"line":1,"column":43}},"1":{"start":{"line":3,"column":2},"end":{"line":7,"column":null}},"2":{"start":{"line":10,"column":0},"end":{"line":10,"column":null}}},"fnMap":{"0":{"name":"App","decl":{"start":{"line":2,"column":9},"end":{"line":2,"column":12}},"loc":{"start":{"line":2,"column":12},"end":{"line":8,"column":1}}}},"branchMap":{},"s":{"0":0,"1":0,"2":0},"f":{"0":0},"b":{}}
,"D:\\FSA_GovTech_Training\\Web_Developer_Interview_FSA_GovTech\\search-web\\src\\components\\error\\index.tsx": {"path":"D:\\FSA_GovTech_Training\\Web_Developer_Interview_FSA_GovTech\\search-web\\src\\components\\error\\index.tsx","statementMap":{"0":{"start":{"line":1,"column":0},"end":{"line":1,"column":31}},"1":{"start":{"line":11,"column":0},"end":{"line":11,"column":83}},"2":{"start":{"line":11,"column":28},"end":{"line":11,"column":33}},"3":{"start":{"line":13,"column":4},"end":{"line":13,"column":17}},"4":{"start":{"line":14,"column":4},"end":{"line":14,"column":37}},"5":{"start":{"line":17,"column":9},"end":{"line":19,"column":null}},"6":{"start":{"line":18,"column":4},"end":{"line":18,"column":30}},"7":{"start":{"line":21,"column":2},"end":{"line":23,"column":null}},"8":{"start":{"line":22,"column":4},"end":{"line":22,"column":69}},"9":{"start":{"line":25,"column":2},"end":{"line":31,"column":null}},"10":{"start":{"line":26,"column":4},"end":{"line":28,"column":5}},"11":{"start":{"line":27,"column":6},"end":{"line":27,"column":44}},"12":{"start":{"line":30,"column":4},"end":{"line":30,"column":31}},"13":{"start":{"line":32,"column":0},"end":{"line":32,"column":null}},"14":{"start":{"line":34,"column":0},"end":{"line":34,"column":29}}},"fnMap":{"0":{"name":"(anonymous_15)","decl":{"start":{"line":11,"column":0},"end":{"line":11,"column":28}},"loc":{"start":{"line":11,"column":0},"end":{"line":32,"column":null}}},"1":{"name":"ErrorBoundary","decl":{"start":{"line":12,"column":2},"end":{"line":12,"column":14}},"loc":{"start":{"line":12,"column":39},"end":{"line":15,"column":3}}},"2":{"name":"(anonymous_17)","decl":{"start":{"line":17,"column":2},"end":{"line":17,"column":9}},"loc":{"start":{"line":17,"column":46},"end":{"line":19,"column":3}}},"3":{"name":"(anonymous_18)","decl":{"start":{"line":21,"column":2},"end":{"line":21,"column":19}},"loc":{"start":{"line":21,"column":60},"end":{"line":23,"column":3}}},"4":{"name":"(anonymous_19)","decl":{"start":{"line":25,"column":2},"end":{"line":25,"column":8}},"loc":{"start":{"line":25,"column":2},"end":{"line":31,"column":3}}}},"branchMap":{"0":{"loc":{"start":{"line":13,"column":4},"end":{"line":13,"column":17}},"type":"binary-expr","locations":[{"start":{"line":13,"column":4},"end":{"line":13,"column":16}},{"start":{"line":13,"column":16},"end":{"line":13,"column":17}}]},"1":{"loc":{"start":{"line":26,"column":4},"end":{"line":28,"column":5}},"type":"if","locations":[{"start":{"line":26,"column":4},"end":{"line":28,"column":5}}]}},"s":{"0":0,"1":0,"2":0,"3":0,"4":0,"5":0,"6":0,"7":0,"8":0,"9":0,"10":0,"11":0,"12":0,"13":0,"14":0},"f":{"0":0,"1":0,"2":0,"3":0,"4":0},"b":{"0":[0,0],"1":[0]}}
,"D:\\FSA_GovTech_Training\\Web_Developer_Interview_FSA_GovTech\\search-web\\src\\components\\icons\\CrossIcon.tsx": {"path":"D:\\FSA_GovTech_Training\\Web_Developer_Interview_FSA_GovTech\\search-web\\src\\components\\icons\\CrossIcon.tsx","statementMap":{"0":{"start":{"line":2,"column":4},"end":{"line":27,"column":6}},"1":{"start":{"line":29,"column":2},"end":{"line":29,"column":27}}},"fnMap":{"0":{"name":"CrossIcon","decl":{"start":{"line":1,"column":9},"end":{"line":1,"column":18}},"loc":{"start":{"line":1,"column":18},"end":{"line":28,"column":3}}}},"branchMap":{},"s":{"0":0,"1":0},"f":{"0":0},"b":{}}
,"D:\\FSA_GovTech_Training\\Web_Developer_Interview_FSA_GovTech\\search-web\\src\\components\\icons\\LogoIcon.tsx": {"path":"D:\\FSA_GovTech_Training\\Web_Developer_Interview_FSA_GovTech\\search-web\\src\\components\\icons\\LogoIcon.tsx","statementMap":{"0":{"start":{"line":2,"column":4},"end":{"line":17,"column":6}},"1":{"start":{"line":19,"column":2},"end":{"line":19,"column":26}}},"fnMap":{"0":{"name":"LogoIcon","decl":{"start":{"line":1,"column":9},"end":{"line":1,"column":17}},"loc":{"start":{"line":1,"column":17},"end":{"line":18,"column":3}}}},"branchMap":{},"s":{"0":0,"1":0},"f":{"0":0},"b":{}}
,"D:\\FSA_GovTech_Training\\Web_Developer_Interview_FSA_GovTech\\search-web\\src\\components\\icons\\SearchIcon.tsx": {"path":"D:\\FSA_GovTech_Training\\Web_Developer_Interview_FSA_GovTech\\search-web\\src\\components\\icons\\SearchIcon.tsx","statementMap":{"0":{"start":{"line":2,"column":4},"end":{"line":17,"column":6}},"1":{"start":{"line":20,"column":2},"end":{"line":20,"column":28}}},"fnMap":{"0":{"name":"SearchIcon","decl":{"start":{"line":1,"column":9},"end":{"line":1,"column":19}},"loc":{"start":{"line":1,"column":19},"end":{"line":18,"column":3}}}},"branchMap":{},"s":{"0":0,"1":0},"f":{"0":0},"b":{}}
,"D:\\FSA_GovTech_Training\\Web_Developer_Interview_FSA_GovTech\\search-web\\src\\components\\ui\\HighLightText\\index.tsx": {"path":"D:\\FSA_GovTech_Training\\Web_Developer_Interview_FSA_GovTech\\search-web\\src\\components\\ui\\HighLightText\\index.tsx","statementMap":{"0":{"start":{"line":7,"column":36},"end":{"line":7,"column":59}},"1":{"start":{"line":8,"column":2},"end":{"line":21,"column":4}},"2":{"start":{"line":10,"column":47},"end":{"line":19,"column":8}},"3":{"start":{"line":24,"column":0},"end":{"line":24,"column":29}}},"fnMap":{"0":{"name":"HighlightText","decl":{"start":{"line":7,"column":9},"end":{"line":7,"column":22}},"loc":{"start":{"line":7,"column":59},"end":{"line":22,"column":1}}},"1":{"name":"(anonymous_1)","decl":{"start":{"line":10,"column":24},"end":{"line":10,"column":25}},"loc":{"start":{"line":10,"column":42},"end":{"line":10,"column":null}}}},"branchMap":{"0":{"loc":{"start":{"line":10,"column":7},"end":{"line":19,"column":8}},"type":"cond-expr","locations":[{"start":{"line":10,"column":18},"end":{"line":10,"column":20}},{"start":{"line":10,"column":7},"end":{"line":19,"column":8}}]},"1":{"loc":{"start":{"line":10,"column":7},"end":{"line":10,"column":20}},"type":"binary-expr","locations":[{"start":{"line":10,"column":7},"end":{"line":10,"column":20}},{"start":{"line":10,"column":7},"end":{"line":10,"column":20}}]},"2":{"loc":{"start":{"line":14,"column":24},"end":{"line":14,"column":75}},"type":"cond-expr","locations":[{"start":{"line":14,"column":58},"end":{"line":14,"column":64}},{"start":{"line":14,"column":67},"end":{"line":14,"column":75}}]}},"s":{"0":50,"1":50,"2":106,"3":1},"f":{"0":50,"1":106},"b":{"0":[0,50],"1":[50,50],"2":[50,56]}}
,"D:\\FSA_GovTech_Training\\Web_Developer_Interview_FSA_GovTech\\search-web\\src\\mock\\mock-filter.ts": {"path":"D:\\FSA_GovTech_Training\\Web_Developer_Interview_FSA_GovTech\\search-web\\src\\mock\\mock-filter.ts","statementMap":{"0":{"start":{"line":4,"column":34},"end":{"line":15,"column":1}},"1":{"start":{"line":8,"column":2},"end":{"line":12,"column":4}},"2":{"start":{"line":9,"column":4},"end":{"line":11,"column":null}},"3":{"start":{"line":13,"column":2},"end":{"line":13,"column":58}},"4":{"start":{"line":14,"column":2},"end":{"line":14,"column":16}},"5":{"start":{"line":4,"column":13},"end":{"line":4,"column":34}},"6":{"start":{"line":17,"column":38},"end":{"line":25,"column":1}},"7":{"start":{"line":21,"column":2},"end":{"line":23,"column":4}},"8":{"start":{"line":22,"column":4},"end":{"line":22,"column":null}},"9":{"start":{"line":24,"column":2},"end":{"line":24,"column":16}},"10":{"start":{"line":17,"column":13},"end":{"line":17,"column":38}}},"fnMap":{"0":{"name":"(anonymous_0)","decl":{"start":{"line":4,"column":34},"end":{"line":4,"column":null}},"loc":{"start":{"line":6,"column":17},"end":{"line":15,"column":1}}},"1":{"name":"(anonymous_1)","decl":{"start":{"line":8,"column":49},"end":{"line":8,"column":50}},"loc":{"start":{"line":8,"column":60},"end":{"line":9,"column":14}}},"2":{"name":"(anonymous_2)","decl":{"start":{"line":17,"column":38},"end":{"line":17,"column":null}},"loc":{"start":{"line":19,"column":17},"end":{"line":25,"column":1}}},"3":{"name":"(anonymous_3)","decl":{"start":{"line":21,"column":49},"end":{"line":21,"column":50}},"loc":{"start":{"line":21,"column":60},"end":{"line":22,"column":14}}}},"branchMap":{},"s":{"0":0,"1":0,"2":0,"3":0,"4":0,"5":0,"6":0,"7":0,"8":0,"9":0,"10":0},"f":{"0":0,"1":0,"2":0,"3":0},"b":{}}
,"D:\\FSA_GovTech_Training\\Web_Developer_Interview_FSA_GovTech\\search-web\\src\\pages\\SearchPage\\components\\SearchBox\\index.tsx": {"path":"D:\\FSA_GovTech_Training\\Web_Developer_Interview_FSA_GovTech\\search-web\\src\\pages\\SearchPage\\components\\SearchBox\\index.tsx","statementMap":{"0":{"start":{"line":1,"column":0},"end":{"line":1,"column":76}},"1":{"start":{"line":2,"column":0},"end":{"line":2,"column":38}},"2":{"start":{"line":3,"column":0},"end":{"line":3,"column":64}},"3":{"start":{"line":4,"column":0},"end":{"line":4,"column":73}},"4":{"start":{"line":5,"column":0},"end":{"line":5,"column":68}},"5":{"start":{"line":11,"column":44},"end":{"line":158,"column":1}},"6":{"start":{"line":11,"column":55},"end":{"line":11,"column":57}},"7":{"start":{"line":12,"column":38},"end":{"line":12,"column":50}},"8":{"start":{"line":12,"column":19},"end":{"line":12,"column":21}},"9":{"start":{"line":12,"column":34},"end":{"line":12,"column":38}},"10":{"start":{"line":13,"column":40},"end":{"line":13,"column":62}},"11":{"start":{"line":13,"column":20},"end":{"line":13,"column":22}},"12":{"start":{"line":13,"column":36},"end":{"line":13,"column":40}},"13":{"start":{"line":14,"column":48},"end":{"line":14,"column":63}},"14":{"start":{"line":14,"column":24},"end":{"line":14,"column":26}},"15":{"start":{"line":14,"column":44},"end":{"line":14,"column":48}},"16":{"start":{"line":16,"column":4},"end":{"line":16,"column":24}},"17":{"start":{"line":15,"column":30},"end":{"line":15,"column":32}},"18":{"start":{"line":15,"column":56},"end":{"line":15,"column":null}},"19":{"start":{"line":17,"column":19},"end":{"line":17,"column":49}},"20":{"start":{"line":18,"column":25},"end":{"line":18,"column":53}},"21":{"start":{"line":20,"column":2},"end":{"line":31,"column":19}},"22":{"start":{"line":21,"column":4},"end":{"line":30,"column":5}},"23":{"start":{"line":22,"column":34},"end":{"line":23,"column":null}},"24":{"start":{"line":23,"column":8},"end":{"line":23,"column":null}},"25":{"start":{"line":25,"column":6},"end":{"line":25,"column":42}},"26":{"start":{"line":26,"column":6},"end":{"line":26,"column":31}},"27":{"start":{"line":28,"column":6},"end":{"line":28,"column":25}},"28":{"start":{"line":29,"column":6},"end":{"line":29,"column":32}},"29":{"start":{"line":33,"column":2},"end":{"line":35,"column":9}},"30":{"start":{"line":34,"column":4},"end":{"line":34,"column":30}},"31":{"start":{"line":37,"column":2},"end":{"line":52,"column":9}},"32":{"start":{"line":38,"column":31},"end":{"line":46,"column":5}},"33":{"start":{"line":39,"column":6},"end":{"line":45,"column":7}},"34":{"start":{"line":44,"column":8},"end":{"line":44,"column":34}},"35":{"start":{"line":48,"column":4},"end":{"line":48,"column":63}},"36":{"start":{"line":49,"column":4},"end":{"line":51,"column":6}},"37":{"start":{"line":50,"column":6},"end":{"line":50,"column":68}},"38":{"start":{"line":54,"column":23},"end":{"line":57,"column":3}},"39":{"start":{"line":55,"column":4},"end":{"line":55,"column":25}},"40":{"start":{"line":56,"column":4},"end":{"line":56,"column":30}},"41":{"start":{"line":59,"column":32},"end":{"line":63,"column":3}},"42":{"start":{"line":60,"column":4},"end":{"line":60,"column":30}},"43":{"start":{"line":61,"column":4},"end":{"line":61,"column":30}},"44":{"start":{"line":62,"column":4},"end":{"line":62,"column":25}},"45":{"start":{"line":65,"column":24},"end":{"line":93,"column":3}},"46":{"start":{"line":66,"column":4},"end":{"line":92,"column":5}},"47":{"start":{"line":68,"column":8},"end":{"line":68,"column":27}},"48":{"start":{"line":69,"column":8},"end":{"line":76,"column":9}},"49":{"start":{"line":73,"column":10},"end":{"line":73,"column":68}},"50":{"start":{"line":75,"column":10},"end":{"line":75,"column":25}},"51":{"start":{"line":77,"column":8},"end":{"line":77,"column":14}},"52":{"start":{"line":79,"column":8},"end":{"line":79,"column":27}},"53":{"start":{"line":80,"column":8},"end":{"line":82,"column":10}},"54":{"start":{"line":81,"column":10},"end":{"line":81,"column":null}},"55":{"start":{"line":83,"column":8},"end":{"line":83,"column":14}},"56":{"start":{"line":85,"column":8},"end":{"line":85,"column":27}},"57":{"start":{"line":86,"column":8},"end":{"line":88,"column":10}},"58":{"start":{"line":87,"column":10},"end":{"line":87,"column":null}},"59":{"start":{"line":89,"column":8},"end":{"line":89,"column":14}},"60":{"start":{"line":91,"column":8},"end":{"line":91,"column":14}},"61":{"start":{"line":95,"column":22},"end":{"line":98,"column":3}},"62":{"start":{"line":96,"column":4},"end":{"line":96,"column":22}},"63":{"start":{"line":97,"column":4},"end":{"line":97,"column":30}},"64":{"start":{"line":100,"column":2},"end":{"line":157,"column":4}},"65":{"start":{"line":108,"column":29},"end":{"line":108,"column":null}},"66":{"start":{"line":110,"column":27},"end":{"line":110,"column":null}},"67":{"start":{"line":129,"column":54},"end":{"line":144,"column":16}},"68":{"start":{"line":132,"column":33},"end":{"line":132,"column":null}},"69":{"start":{"line":160,"column":0},"end":{"line":160,"column":25}}},"fnMap":{"0":{"name":"(anonymous_1)","decl":{"start":{"line":11,"column":44},"end":{"line":11,"column":45}},"loc":{"start":{"line":11,"column":57},"end":{"line":158,"column":1}}},"1":{"name":"(anonymous_2)","decl":{"start":{"line":20,"column":12},"end":{"line":20,"column":null}},"loc":{"start":{"line":20,"column":12},"end":{"line":31,"column":3}}},"2":{"name":"(anonymous_3)","decl":{"start":{"line":22,"column":64},"end":{"line":22,"column":65}},"loc":{"start":{"line":22,"column":75},"end":{"line":23,"column":18}}},"3":{"name":"(anonymous_4)","decl":{"start":{"line":33,"column":18},"end":{"line":33,"column":null}},"loc":{"start":{"line":33,"column":18},"end":{"line":35,"column":3}}},"4":{"name":"(anonymous_5)","decl":{"start":{"line":37,"column":12},"end":{"line":37,"column":null}},"loc":{"start":{"line":37,"column":12},"end":{"line":52,"column":3}}},"5":{"name":"(anonymous_6)","decl":{"start":{"line":38,"column":31},"end":{"line":38,"column":32}},"loc":{"start":{"line":38,"column":49},"end":{"line":46,"column":5}}},"6":{"name":"(anonymous_7)","decl":{"start":{"line":49,"column":11},"end":{"line":49,"column":null}},"loc":{"start":{"line":49,"column":11},"end":{"line":51,"column":5}}},"7":{"name":"(anonymous_8)","decl":{"start":{"line":54,"column":23},"end":{"line":54,"column":null}},"loc":{"start":{"line":54,"column":23},"end":{"line":57,"column":3}}},"8":{"name":"(anonymous_9)","decl":{"start":{"line":59,"column":32},"end":{"line":59,"column":33}},"loc":{"start":{"line":59,"column":51},"end":{"line":63,"column":3}}},"9":{"name":"(anonymous_10)","decl":{"start":{"line":65,"column":24},"end":{"line":65,"column":25}},"loc":{"start":{"line":65,"column":47},"end":{"line":93,"column":3}}},"10":{"name":"(anonymous_11)","decl":{"start":{"line":80,"column":33},"end":{"line":80,"column":34}},"loc":{"start":{"line":80,"column":43},"end":{"line":81,"column":19}}},"11":{"name":"(anonymous_12)","decl":{"start":{"line":86,"column":33},"end":{"line":86,"column":34}},"loc":{"start":{"line":86,"column":43},"end":{"line":87,"column":19}}},"12":{"name":"(anonymous_13)","decl":{"start":{"line":95,"column":22},"end":{"line":95,"column":null}},"loc":{"start":{"line":95,"column":22},"end":{"line":98,"column":3}}},"13":{"name":"(anonymous_14)","decl":{"start":{"line":108,"column":22},"end":{"line":108,"column":23}},"loc":{"start":{"line":108,"column":24},"end":{"line":108,"column":42}}},"14":{"name":"(anonymous_15)","decl":{"start":{"line":110,"column":21},"end":{"line":110,"column":27}},"loc":{"start":{"line":110,"column":21},"end":{"line":110,"column":37}}},"15":{"name":"(anonymous_16)","decl":{"start":{"line":129,"column":31},"end":{"line":129,"column":32}},"loc":{"start":{"line":129,"column":49},"end":{"line":129,"column":null}}},"16":{"name":"(anonymous_17)","decl":{"start":{"line":132,"column":27},"end":{"line":132,"column":33}},"loc":{"start":{"line":132,"column":27},"end":{"line":132,"column":54}}}},"branchMap":{"0":{"loc":{"start":{"line":21,"column":4},"end":{"line":30,"column":5}},"type":"if","locations":[{"start":{"line":21,"column":4},"end":{"line":30,"column":5}},{"start":{"line":27,"column":11},"end":{"line":30,"column":5}}]},"1":{"loc":{"start":{"line":34,"column":4},"end":{"line":34,"column":29}},"type":"cond-expr","locations":[{"start":{"line":34,"column":20},"end":{"line":34,"column":22}},{"start":{"line":34,"column":20},"end":{"line":34,"column":29}}]},"2":{"loc":{"start":{"line":34,"column":4},"end":{"line":34,"column":22}},"type":"binary-expr","locations":[{"start":{"line":34,"column":4},"end":{"line":34,"column":22}},{"start":{"line":34,"column":20},"end":{"line":34,"column":22}}]},"3":{"loc":{"start":{"line":39,"column":6},"end":{"line":45,"column":7}},"type":"if","locations":[{"start":{"line":39,"column":6},"end":{"line":45,"column":7}}]},"4":{"loc":{"start":{"line":40,"column":8},"end":{"line":42,"column":null}},"type":"binary-expr","locations":[{"start":{"line":40,"column":8},"end":{"line":40,"column":30}},{"start":{"line":41,"column":8},"end":{"line":41,"column":62}},{"start":{"line":42,"column":8},"end":{"line":42,"column":null}}]},"5":{"loc":{"start":{"line":42,"column":9},"end":{"line":42,"column":57}},"type":"cond-expr","locations":[{"start":{"line":42,"column":25},"end":{"line":42,"column":27}},{"start":{"line":42,"column":25},"end":{"line":42,"column":57}}]},"6":{"loc":{"start":{"line":42,"column":9},"end":{"line":42,"column":27}},"type":"binary-expr","locations":[{"start":{"line":42,"column":9},"end":{"line":42,"column":27}},{"start":{"line":42,"column":25},"end":{"line":42,"column":27}}]},"7":{"loc":{"start":{"line":66,"column":4},"end":{"line":92,"column":5}},"type":"switch","locations":[{"start":{"line":67,"column":6},"end":{"line":77,"column":14}},{"start":{"line":78,"column":6},"end":{"line":83,"column":14}},{"start":{"line":84,"column":6},"end":{"line":89,"column":14}},{"start":{"line":90,"column":6},"end":{"line":91,"column":14}}]},"8":{"loc":{"start":{"line":69,"column":8},"end":{"line":76,"column":9}},"type":"if","locations":[{"start":{"line":69,"column":8},"end":{"line":76,"column":9}},{"start":{"line":74,"column":15},"end":{"line":76,"column":9}}]},"9":{"loc":{"start":{"line":70,"column":10},"end":{"line":71,"column":52}},"type":"binary-expr","locations":[{"start":{"line":70,"column":10},"end":{"line":70,"column":36}},{"start":{"line":71,"column":10},"end":{"line":71,"column":52}}]},"10":{"loc":{"start":{"line":81,"column":10},"end":{"line":81,"column":64}},"type":"cond-expr","locations":[{"start":{"line":81,"column":26},"end":{"line":81,"column":39}},{"start":{"line":81,"column":42},"end":{"line":81,"column":64}}]},"11":{"loc":{"start":{"line":87,"column":10},"end":{"line":87,"column":64}},"type":"cond-expr","locations":[{"start":{"line":87,"column":47},"end":{"line":87,"column":60}},{"start":{"line":87,"column":63},"end":{"line":87,"column":64}}]},"12":{"loc":{"start":{"line":97,"column":4},"end":{"line":97,"column":29}},"type":"cond-expr","locations":[{"start":{"line":97,"column":20},"end":{"line":97,"column":22}},{"start":{"line":97,"column":20},"end":{"line":97,"column":29}}]},"13":{"loc":{"start":{"line":97,"column":4},"end":{"line":97,"column":22}},"type":"binary-expr","locations":[{"start":{"line":97,"column":4},"end":{"line":97,"column":22}},{"start":{"line":97,"column":20},"end":{"line":97,"column":22}}]},"14":{"loc":{"start":{"line":110,"column":27},"end":{"line":110,"column":65}},"type":"binary-expr","locations":[{"start":{"line":110,"column":27},"end":{"line":110,"column":37}},{"start":{"line":110,"column":41},"end":{"line":110,"column":65}}]},"15":{"loc":{"start":{"line":114,"column":11},"end":{"line":120,"column":null}},"type":"binary-expr","locations":[{"start":{"line":114,"column":11},"end":{"line":114,"column":21}},{"start":{"line":115,"column":12},"end":{"line":117,"column":null}}]},"16":{"loc":{"start":{"line":123,"column":9},"end":{"line":146,"column":null}},"type":"binary-expr","locations":[{"start":{"line":123,"column":9},"end":{"line":123,"column":24}},{"start":{"line":123,"column":28},"end":{"line":123,"column":50}},{"start":{"line":123,"column":54},"end":{"line":123,"column":75}},{"start":{"line":124,"column":10},"end":{"line":145,"column":null}}]},"17":{"loc":{"start":{"line":134,"column":20},"end":{"line":134,"column":72}},"type":"cond-expr","locations":[{"start":{"line":134,"column":54},"end":{"line":134,"column":67}},{"start":{"line":134,"column":70},"end":{"line":134,"column":72}}]}},"s":{"0":1,"1":1,"2":1,"3":1,"4":1,"5":1,"6":55,"7":55,"8":55,"9":55,"10":55,"11":55,"12":55,"13":55,"14":55,"15":55,"16":55,"17":55,"18":55,"19":55,"20":55,"21":55,"22":24,"23":12,"24":72,"25":12,"26":12,"27":12,"28":12,"29":55,"30":11,"31":55,"32":11,"33":1,"34":1,"35":11,"36":11,"37":11,"38":55,"39":2,"40":2,"41":55,"42":2,"43":2,"44":2,"45":55,"46":5,"47":2,"48":2,"49":1,"50":1,"51":2,"52":1,"53":1,"54":1,"55":1,"56":2,"57":2,"58":2,"59":2,"60":0,"61":55,"62":1,"63":1,"64":55,"65":10,"66":12,"67":56,"68":1,"69":1},"f":{"0":55,"1":24,"2":72,"3":11,"4":11,"5":1,"6":11,"7":2,"8":2,"9":5,"10":1,"11":2,"12":1,"13":10,"14":12,"15":56,"16":1},"b":{"0":[12,12],"1":[0,11],"2":[11,11],"3":[1],"4":[1,1,1],"5":[0,1],"6":[1,1],"7":[2,1,2,0],"8":[1,1],"9":[2,1],"10":[1,0],"11":[2,0],"12":[0,1],"13":[1,1],"14":[12,1],"15":[55,31],"16":[55,17,12,11],"17":[4,52]}}
,"D:\\FSA_GovTech_Training\\Web_Developer_Interview_FSA_GovTech\\search-web\\src\\pages\\SearchPage\\components\\SearchPageBanner\\index.tsx": {"path":"D:\\FSA_GovTech_Training\\Web_Developer_Interview_FSA_GovTech\\search-web\\src\\pages\\SearchPage\\components\\SearchPageBanner\\index.tsx","statementMap":{"0":{"start":{"line":1,"column":0},"end":{"line":1,"column":61}},"1":{"start":{"line":2,"column":25},"end":{"line":14,"column":1}},"2":{"start":{"line":3,"column":2},"end":{"line":13,"column":4}},"3":{"start":{"line":16,"column":0},"end":{"line":16,"column":32}}},"fnMap":{"0":{"name":"(anonymous_1)","decl":{"start":{"line":2,"column":25},"end":{"line":2,"column":null}},"loc":{"start":{"line":2,"column":25},"end":{"line":14,"column":1}}}},"branchMap":{},"s":{"0":0,"1":0,"2":0,"3":0},"f":{"0":0},"b":{}}
,"D:\\FSA_GovTech_Training\\Web_Developer_Interview_FSA_GovTech\\search-web\\src\\pages\\SearchPage\\components\\SearchResult\\index.tsx": {"path":"D:\\FSA_GovTech_Training\\Web_Developer_Interview_FSA_GovTech\\search-web\\src\\pages\\SearchPage\\components\\SearchResult\\index.tsx","statementMap":{"0":{"start":{"line":1,"column":0},"end":{"line":1,"column":68}},"1":{"start":{"line":3,"column":0},"end":{"line":3,"column":75}},"2":{"start":{"line":13,"column":21},"end":{"line":63,"column":1}},"3":{"start":{"line":14,"column":57},"end":{"line":14,"column":63}},"4":{"start":{"line":15,"column":24},"end":{"line":15,"column":49}},"5":{"start":{"line":16,"column":24},"end":{"line":16,"column":56}},"6":{"start":{"line":18,"column":2},"end":{"line":62,"column":4}},"7":{"start":{"line":28,"column":39},"end":{"line":55,"column":16}},"8":{"start":{"line":65,"column":0},"end":{"line":65,"column":28}}},"fnMap":{"0":{"name":"(anonymous_1)","decl":{"start":{"line":13,"column":21},"end":{"line":13,"column":22}},"loc":{"start":{"line":13,"column":47},"end":{"line":63,"column":1}}},"1":{"name":"(anonymous_2)","decl":{"start":{"line":28,"column":23},"end":{"line":28,"column":24}},"loc":{"start":{"line":28,"column":34},"end":{"line":28,"column":null}}}},"branchMap":{"0":{"loc":{"start":{"line":20,"column":7},"end":{"line":59,"column":null}},"type":"cond-expr","locations":[{"start":{"line":21,"column":8},"end":{"line":56,"column":null}},{"start":{"line":59,"column":8},"end":{"line":59,"column":70}}]},"1":{"loc":{"start":{"line":27,"column":13},"end":{"line":55,"column":16}},"type":"binary-expr","locations":[{"start":{"line":27,"column":13},"end":{"line":27,"column":17}},{"start":{"line":28,"column":14},"end":{"line":55,"column":16}}]}},"s":{"0":1,"1":1,"2":1,"3":20,"4":4,"5":4,"6":4,"7":6,"8":1},"f":{"0":4,"1":6},"b":{"0":[3,1],"1":[3,3]}}
,"D:\\FSA_GovTech_Training\\Web_Developer_Interview_FSA_GovTech\\search-web\\src\\services\\search.ts": {"path":"D:\\FSA_GovTech_Training\\Web_Developer_Interview_FSA_GovTech\\search-web\\src\\services\\search.ts","statementMap":{"0":{"start":{"line":23,"column":0},"end":{"line":23,"column":22}},"1":{"start":{"line":1,"column":0},"end":{"line":1,"column":null}},"2":{"start":{"line":8,"column":2},"end":{"line":8,"column":142}},"3":{"start":{"line":11,"column":2},"end":{"line":11,"column":141}},"4":{"start":{"line":13,"column":33},"end":{"line":21,"column":2}},"5":{"start":{"line":13,"column":55},"end":{"line":21,"column":2}},"6":{"start":{"line":15,"column":21},"end":{"line":15,"column":null}},"7":{"start":{"line":15,"column":10},"end":{"line":15,"column":null}},"8":{"start":{"line":16,"column":42},"end":{"line":16,"column":null}},"9":{"start":{"line":16,"column":10},"end":{"line":16,"column":null}},"10":{"start":{"line":17,"column":4},"end":{"line":17,"column":70}},"11":{"start":{"line":19,"column":4},"end":{"line":19,"column":33}},"12":{"start":{"line":13,"column":13},"end":{"line":13,"column":33}},"13":{"start":{"line":27,"column":21},"end":{"line":27,"column":null}},"14":{"start":{"line":27,"column":10},"end":{"line":27,"column":null}},"15":{"start":{"line":28,"column":44},"end":{"line":28,"column":null}},"16":{"start":{"line":28,"column":10},"end":{"line":28,"column":null}},"17":{"start":{"line":29,"column":10},"end":{"line":29,"column":61}},"18":{"start":{"line":30,"column":4},"end":{"line":30,"column":47}},"19":{"start":{"line":32,"column":4},"end":{"line":32,"column":33}}},"fnMap":{"0":{"name":"(anonymous_13)","decl":{"start":{"line":13,"column":33},"end":{"line":13,"column":40}},"loc":{"start":{"line":13,"column":55},"end":{"line":21,"column":2}}},"1":{"name":"(anonymous_14)","decl":{"start":{"line":13,"column":55},"end":{"line":13,"column":null}},"loc":{"start":{"line":13,"column":55},"end":{"line":21,"column":2}}},"2":{"name":"fetchSearchSuggestion","decl":{"start":{"line":23,"column":22},"end":{"line":23,"column":43}},"loc":{"start":{"line":24,"column":15},"end":{"line":34,"column":null}}}},"branchMap":{},"s":{"0":1,"1":1,"2":1,"3":1,"4":1,"5":2,"6":2,"7":2,"8":1,"9":1,"10":1,"11":1,"12":1,"13":2,"14":2,"15":1,"16":1,"17":1,"18":1,"19":1},"f":{"0":2,"1":2,"2":2},"b":{}}
,"D:\\FSA_GovTech_Training\\Web_Developer_Interview_FSA_GovTech\\search-web\\src\\utils\\highlight.ts": {"path":"D:\\FSA_GovTech_Training\\Web_Developer_Interview_FSA_GovTech\\search-web\\src\\utils\\highlight.ts","statementMap":{"0":{"start":{"line":2,"column":42},"end":{"line":26,"column":1}},"1":{"start":{"line":6,"column":32},"end":{"line":6,"column":34}},"2":{"start":{"line":7,"column":16},"end":{"line":7,"column":41}},"3":{"start":{"line":9,"column":18},"end":{"line":9,"column":19}},"4":{"start":{"line":11,"column":2},"end":{"line":19,"column":3}},"5":{"start":{"line":12,"column":24},"end":{"line":12,"column":32}},"6":{"start":{"line":13,"column":23},"end":{"line":13,"column":57}},"7":{"start":{"line":14,"column":4},"end":{"line":16,"column":5}},"8":{"start":{"line":15,"column":6},"end":{"line":15,"column":56}},"9":{"start":{"line":17,"column":4},"end":{"line":17,"column":58}},"10":{"start":{"line":18,"column":4},"end":{"line":18,"column":49}},"11":{"start":{"line":21,"column":2},"end":{"line":23,"column":3}},"12":{"start":{"line":22,"column":4},"end":{"line":22,"column":65}},"13":{"start":{"line":25,"column":2},"end":{"line":25,"column":16}},"14":{"start":{"line":2,"column":13},"end":{"line":2,"column":42}},"15":{"start":{"line":28,"column":44},"end":{"line":41,"column":1}},"16":{"start":{"line":32,"column":2},"end":{"line":32,"column":57}},"17":{"start":{"line":32,"column":23},"end":{"line":32,"column":57}},"18":{"start":{"line":34,"column":16},"end":{"line":34,"column":48}},"19":{"start":{"line":35,"column":16},"end":{"line":35,"column":63}},"20":{"start":{"line":35,"column":51},"end":{"line":35,"column":63}},"21":{"start":{"line":37,"column":2},"end":{"line":40,"column":6}},"22":{"start":{"line":37,"column":29},"end":{"line":40,"column":5}},"23":{"start":{"line":28,"column":13},"end":{"line":28,"column":44}}},"fnMap":{"0":{"name":"(anonymous_0)","decl":{"start":{"line":2,"column":42},"end":{"line":2,"column":null}},"loc":{"start":{"line":4,"column":17},"end":{"line":26,"column":1}}},"1":{"name":"(anonymous_1)","decl":{"start":{"line":28,"column":44},"end":{"line":28,"column":null}},"loc":{"start":{"line":30,"column":17},"end":{"line":41,"column":1}}},"2":{"name":"(anonymous_2)","decl":{"start":{"line":35,"column":41},"end":{"line":35,"column":42}},"loc":{"start":{"line":35,"column":46},"end":{"line":35,"column":55}}},"3":{"name":"(anonymous_3)","decl":{"start":{"line":37,"column":19},"end":{"line":37,"column":20}},"loc":{"start":{"line":37,"column":24},"end":{"line":37,"column":30}}}},"branchMap":{"0":{"loc":{"start":{"line":14,"column":4},"end":{"line":16,"column":5}},"type":"if","locations":[{"start":{"line":14,"column":4},"end":{"line":16,"column":5}}]},"1":{"loc":{"start":{"line":21,"column":2},"end":{"line":23,"column":3}},"type":"if","locations":[{"start":{"line":21,"column":2},"end":{"line":23,"column":3}}]},"2":{"loc":{"start":{"line":32,"column":2},"end":{"line":32,"column":57}},"type":"if","locations":[{"start":{"line":32,"column":2},"end":{"line":32,"column":57}}]},"3":{"loc":{"start":{"line":39,"column":10},"end":{"line":39,"column":79}},"type":"cond-expr","locations":[{"start":{"line":39,"column":57},"end":{"line":39,"column":68}},{"start":{"line":39,"column":71},"end":{"line":39,"column":79}}]}},"s":{"0":2,"1":61,"2":61,"3":61,"4":61,"5":61,"6":61,"7":61,"8":14,"9":61,"10":61,"11":61,"12":57,"13":61,"14":2,"15":2,"16":5,"17":1,"18":4,"19":4,"20":14,"21":4,"22":13,"23":2},"f":{"0":61,"1":5,"2":14,"3":13},"b":{"0":[14],"1":[57],"2":[1],"3":[5,8]}}
}
