TN:
SF:src\App.tsx
FN:2,App
FNF:1
FNH:0
FNDA:0,App
DA:1,0
DA:3,0
DA:10,0
LF:3
LH:0
BRF:0
BRH:0
end_of_record
TN:
SF:src\components\error\index.tsx
FN:11,(anonymous_15)
FN:12,ErrorBoundary
FN:17,(anonymous_17)
FN:21,(anonymous_18)
FN:25,(anonymous_19)
FNF:5
FNH:0
FNDA:0,(anonymous_15)
FNDA:0,ErrorBoundary
FNDA:0,(anonymous_17)
FNDA:0,(anonymous_18)
FNDA:0,(anonymous_19)
DA:1,0
DA:11,0
DA:13,0
DA:14,0
DA:17,0
DA:18,0
DA:21,0
DA:22,0
DA:25,0
DA:26,0
DA:27,0
DA:30,0
DA:32,0
DA:34,0
LF:14
LH:0
BRDA:13,0,0,0
BRDA:13,0,1,0
BRDA:26,1,0,0
BRF:3
BRH:0
end_of_record
TN:
SF:src\components\icons\CrossIcon.tsx
FN:1,CrossIcon
FNF:1
FNH:0
FNDA:0,CrossIcon
DA:2,0
DA:29,0
LF:2
LH:0
BRF:0
BRH:0
end_of_record
TN:
SF:src\components\icons\LogoIcon.tsx
FN:1,LogoIcon
FNF:1
FNH:0
FNDA:0,LogoIcon
DA:2,0
DA:19,0
LF:2
LH:0
BRF:0
BRH:0
end_of_record
TN:
SF:src\components\icons\SearchIcon.tsx
FN:1,SearchIcon
FNF:1
FNH:0
FNDA:0,SearchIcon
DA:2,0
DA:20,0
LF:2
LH:0
BRF:0
BRH:0
end_of_record
TN:
SF:src\components\ui\HighLightText\index.tsx
FN:7,HighlightText
FN:10,(anonymous_1)
FNF:2
FNH:2
FNDA:50,HighlightText
FNDA:106,(anonymous_1)
DA:7,50
DA:8,50
DA:10,106
DA:24,1
LF:4
LH:4
BRDA:10,0,0,0
BRDA:10,0,1,50
BRDA:10,1,0,50
BRDA:10,1,1,50
BRDA:14,2,0,50
BRDA:14,2,1,56
BRF:6
BRH:5
end_of_record
TN:
SF:src\mock\mock-filter.ts
FN:4,(anonymous_0)
FN:8,(anonymous_1)
FN:17,(anonymous_2)
FN:21,(anonymous_3)
FNF:4
FNH:0
FNDA:0,(anonymous_0)
FNDA:0,(anonymous_1)
FNDA:0,(anonymous_2)
FNDA:0,(anonymous_3)
DA:4,0
DA:8,0
DA:9,0
DA:13,0
DA:14,0
DA:17,0
DA:21,0
DA:22,0
DA:24,0
LF:9
LH:0
BRF:0
BRH:0
end_of_record
TN:
SF:src\pages\SearchPage\components\SearchBox\index.tsx
FN:11,(anonymous_1)
FN:20,(anonymous_2)
FN:22,(anonymous_3)
FN:33,(anonymous_4)
FN:37,(anonymous_5)
FN:38,(anonymous_6)
FN:49,(anonymous_7)
FN:54,(anonymous_8)
FN:59,(anonymous_9)
FN:65,(anonymous_10)
FN:80,(anonymous_11)
FN:86,(anonymous_12)
FN:95,(anonymous_13)
FN:108,(anonymous_14)
FN:110,(anonymous_15)
FN:129,(anonymous_16)
FN:132,(anonymous_17)
FNF:17
FNH:17
FNDA:55,(anonymous_1)
FNDA:24,(anonymous_2)
FNDA:72,(anonymous_3)
FNDA:11,(anonymous_4)
FNDA:11,(anonymous_5)
FNDA:1,(anonymous_6)
FNDA:11,(anonymous_7)
FNDA:2,(anonymous_8)
FNDA:2,(anonymous_9)
FNDA:5,(anonymous_10)
FNDA:1,(anonymous_11)
FNDA:2,(anonymous_12)
FNDA:1,(anonymous_13)
FNDA:10,(anonymous_14)
FNDA:12,(anonymous_15)
FNDA:56,(anonymous_16)
FNDA:1,(anonymous_17)
DA:1,1
DA:2,1
DA:3,1
DA:4,1
DA:5,1
DA:11,55
DA:12,55
DA:13,55
DA:14,55
DA:15,55
DA:16,55
DA:17,55
DA:18,55
DA:20,55
DA:21,24
DA:22,12
DA:23,72
DA:25,12
DA:26,12
DA:28,12
DA:29,12
DA:33,55
DA:34,11
DA:37,55
DA:38,11
DA:39,1
DA:44,1
DA:48,11
DA:49,11
DA:50,11
DA:54,55
DA:55,2
DA:56,2
DA:59,55
DA:60,2
DA:61,2
DA:62,2
DA:65,55
DA:66,5
DA:68,2
DA:69,2
DA:73,1
DA:75,1
DA:77,2
DA:79,1
DA:80,1
DA:81,1
DA:83,1
DA:85,2
DA:86,2
DA:87,2
DA:89,2
DA:91,0
DA:95,55
DA:96,1
DA:97,1
DA:100,55
DA:108,10
DA:110,12
DA:129,56
DA:132,1
DA:160,1
LF:62
LH:61
BRDA:21,0,0,12
BRDA:21,0,1,12
BRDA:34,1,0,0
BRDA:34,1,1,11
BRDA:34,2,0,11
BRDA:34,2,1,11
BRDA:39,3,0,1
BRDA:40,4,0,1
BRDA:40,4,1,1
BRDA:40,4,2,1
BRDA:42,5,0,0
BRDA:42,5,1,1
BRDA:42,6,0,1
BRDA:42,6,1,1
BRDA:66,7,0,2
BRDA:66,7,1,1
BRDA:66,7,2,2
BRDA:66,7,3,0
BRDA:69,8,0,1
BRDA:69,8,1,1
BRDA:70,9,0,2
BRDA:70,9,1,1
BRDA:81,10,0,1
BRDA:81,10,1,0
BRDA:87,11,0,2
BRDA:87,11,1,0
BRDA:97,12,0,0
BRDA:97,12,1,1
BRDA:97,13,0,1
BRDA:97,13,1,1
BRDA:110,14,0,12
BRDA:110,14,1,1
BRDA:114,15,0,55
BRDA:114,15,1,31
BRDA:123,16,0,55
BRDA:123,16,1,17
BRDA:123,16,2,12
BRDA:123,16,3,11
BRDA:134,17,0,4
BRDA:134,17,1,52
BRF:40
BRH:34
end_of_record
TN:
SF:src\pages\SearchPage\components\SearchPageBanner\index.tsx
FN:2,(anonymous_1)
FNF:1
FNH:0
FNDA:0,(anonymous_1)
DA:1,0
DA:2,0
DA:3,0
DA:16,0
LF:4
LH:0
BRF:0
BRH:0
end_of_record
TN:
SF:src\pages\SearchPage\components\SearchResult\index.tsx
FN:13,(anonymous_1)
FN:28,(anonymous_2)
FNF:2
FNH:2
FNDA:4,(anonymous_1)
FNDA:6,(anonymous_2)
DA:1,1
DA:3,1
DA:13,1
DA:14,20
DA:15,4
DA:16,4
DA:18,4
DA:28,6
DA:65,1
LF:9
LH:9
BRDA:20,0,0,3
BRDA:20,0,1,1
BRDA:27,1,0,3
BRDA:27,1,1,3
BRF:4
BRH:4
end_of_record
TN:
SF:src\services\search.ts
FN:13,(anonymous_13)
FN:13,(anonymous_14)
FN:23,fetchSearchSuggestion
FNF:3
FNH:3
FNDA:2,(anonymous_13)
FNDA:2,(anonymous_14)
FNDA:2,fetchSearchSuggestion
DA:1,1
DA:8,1
DA:11,1
DA:13,2
DA:15,2
DA:16,1
DA:17,1
DA:19,1
DA:23,1
DA:27,2
DA:28,1
DA:29,1
DA:30,1
DA:32,1
LF:14
LH:14
BRF:0
BRH:0
end_of_record
TN:
SF:src\utils\highlight.ts
FN:2,(anonymous_0)
FN:28,(anonymous_1)
FN:35,(anonymous_2)
FN:37,(anonymous_3)
FNF:4
FNH:4
FNDA:61,(anonymous_0)
FNDA:5,(anonymous_1)
FNDA:14,(anonymous_2)
FNDA:13,(anonymous_3)
DA:2,2
DA:6,61
DA:7,61
DA:9,61
DA:11,61
DA:12,61
DA:13,61
DA:14,61
DA:15,14
DA:17,61
DA:18,61
DA:21,61
DA:22,57
DA:25,61
DA:28,2
DA:32,5
DA:34,4
DA:35,14
DA:37,13
LF:19
LH:19
BRDA:14,0,0,14
BRDA:21,1,0,57
BRDA:32,2,0,1
BRDA:39,3,0,5
BRDA:39,3,1,8
BRF:5
BRH:5
end_of_record
