TN:
SF:src\components\ui\HighLightText\index.tsx
FN:7,HighlightText
FN:10,(anonymous_1)
FNF:2
FNH:2
FNDA:52,HighlightText
FNDA:110,(anonymous_1)
DA:7,52
DA:8,52
DA:10,110
DA:24,2
LF:4
LH:4
BRDA:10,0,0,0
BRDA:10,0,1,52
BRDA:10,1,0,52
BRDA:10,1,1,52
BRDA:14,2,0,52
BRDA:14,2,1,58
BRF:6
BRH:5
end_of_record
TN:
SF:src\pages\SearchPage\index.tsx
FN:7,(anonymous_14)
FN:13,(anonymous_15)
FN:13,(anonymous_16)
FN:14,(anonymous_18)
FNF:4
FNH:4
FNDA:5,(anonymous_14)
FNDA:2,(anonymous_15)
FNDA:2,(anonymous_16)
FNDA:2,(anonymous_18)
DA:1,1
DA:2,1
DA:3,1
DA:4,1
DA:6,1
DA:7,1
DA:8,5
DA:9,5
DA:10,5
DA:11,5
DA:13,5
DA:14,2
DA:15,2
DA:16,2
DA:17,2
DA:20,5
DA:47,1
LF:17
LH:17
BRDA:29,0,0,5
BRDA:29,0,1,1
BRDA:38,1,0,5
BRDA:38,1,1,1
BRF:4
BRH:4
end_of_record
TN:
SF:src\pages\SearchPage\components\SearchBox\index.tsx
FN:11,(anonymous_1)
FN:20,(anonymous_2)
FN:22,(anonymous_3)
FN:33,(anonymous_4)
FN:37,(anonymous_5)
FN:38,(anonymous_6)
FN:49,(anonymous_7)
FN:54,(anonymous_8)
FN:59,(anonymous_9)
FN:65,(anonymous_10)
FN:80,(anonymous_11)
FN:86,(anonymous_12)
FN:95,(anonymous_13)
FN:108,(anonymous_14)
FN:110,(anonymous_15)
FN:129,(anonymous_16)
FN:132,(anonymous_17)
FNF:17
FNH:17
FNDA:69,(anonymous_1)
FNDA:29,(anonymous_2)
FNDA:84,(anonymous_3)
FNDA:14,(anonymous_4)
FNDA:14,(anonymous_5)
FNDA:1,(anonymous_6)
FNDA:14,(anonymous_7)
FNDA:4,(anonymous_8)
FNDA:2,(anonymous_9)
FNDA:5,(anonymous_10)
FNDA:1,(anonymous_11)
FNDA:2,(anonymous_12)
FNDA:1,(anonymous_13)
FNDA:12,(anonymous_14)
FNDA:15,(anonymous_15)
FNDA:56,(anonymous_16)
FNDA:1,(anonymous_17)
DA:1,2
DA:2,2
DA:3,2
DA:4,2
DA:5,2
DA:11,69
DA:12,69
DA:13,69
DA:14,69
DA:15,69
DA:16,69
DA:17,69
DA:18,69
DA:20,69
DA:21,29
DA:22,14
DA:23,84
DA:25,14
DA:26,14
DA:28,15
DA:29,15
DA:33,69
DA:34,14
DA:37,69
DA:38,14
DA:39,1
DA:44,1
DA:48,14
DA:49,14
DA:50,14
DA:54,69
DA:55,4
DA:56,4
DA:59,69
DA:60,2
DA:61,2
DA:62,2
DA:65,69
DA:66,5
DA:68,2
DA:69,2
DA:73,1
DA:75,1
DA:77,2
DA:79,1
DA:80,1
DA:81,1
DA:83,1
DA:85,2
DA:86,2
DA:87,2
DA:89,2
DA:91,0
DA:95,69
DA:96,1
DA:97,1
DA:100,69
DA:108,12
DA:110,15
DA:129,56
DA:132,1
DA:160,2
LF:62
LH:61
BRDA:21,0,0,14
BRDA:21,0,1,15
BRDA:34,1,0,0
BRDA:34,1,1,14
BRDA:34,2,0,14
BRDA:34,2,1,14
BRDA:39,3,0,1
BRDA:40,4,0,1
BRDA:40,4,1,1
BRDA:40,4,2,1
BRDA:42,5,0,0
BRDA:42,5,1,1
BRDA:42,6,0,1
BRDA:42,6,1,1
BRDA:66,7,0,2
BRDA:66,7,1,1
BRDA:66,7,2,2
BRDA:66,7,3,0
BRDA:69,8,0,1
BRDA:69,8,1,1
BRDA:70,9,0,2
BRDA:70,9,1,1
BRDA:81,10,0,1
BRDA:81,10,1,0
BRDA:87,11,0,2
BRDA:87,11,1,0
BRDA:97,12,0,0
BRDA:97,12,1,1
BRDA:97,13,0,1
BRDA:97,13,1,1
BRDA:110,14,0,15
BRDA:110,14,1,1
BRDA:114,15,0,69
BRDA:114,15,1,39
BRDA:123,16,0,69
BRDA:123,16,1,19
BRDA:123,16,2,12
BRDA:123,16,3,11
BRDA:134,17,0,4
BRDA:134,17,1,52
BRF:40
BRH:34
end_of_record
TN:
SF:src\pages\SearchPage\components\SearchPageBanner\index.tsx
FN:2,(anonymous_1)
FNF:1
FNH:1
FNDA:5,(anonymous_1)
DA:1,1
DA:2,1
DA:3,5
DA:16,1
LF:4
LH:4
BRF:0
BRH:0
end_of_record
TN:
SF:src\pages\SearchPage\components\SearchResult\index.tsx
FN:13,(anonymous_1)
FN:28,(anonymous_2)
FNF:2
FNH:2
FNDA:5,(anonymous_1)
FNDA:7,(anonymous_2)
DA:1,2
DA:3,2
DA:13,2
DA:14,25
DA:15,5
DA:16,5
DA:18,5
DA:28,7
DA:65,2
LF:9
LH:9
BRDA:20,0,0,4
BRDA:20,0,1,1
BRDA:27,1,0,4
BRDA:27,1,1,4
BRF:4
BRH:4
end_of_record
TN:
SF:src\services\search.ts
FN:13,(anonymous_13)
FN:13,(anonymous_14)
FN:23,fetchSearchSuggestion
FNF:3
FNH:3
FNDA:2,(anonymous_13)
FNDA:2,(anonymous_14)
FNDA:2,fetchSearchSuggestion
DA:1,1
DA:8,1
DA:11,1
DA:13,2
DA:15,2
DA:16,1
DA:17,1
DA:19,1
DA:23,1
DA:27,2
DA:28,1
DA:29,1
DA:30,1
DA:32,1
LF:14
LH:14
BRF:0
BRH:0
end_of_record
TN:
SF:src\utils\highlight.ts
FN:2,(anonymous_0)
FN:28,(anonymous_1)
FN:35,(anonymous_2)
FN:37,(anonymous_3)
FNF:4
FNH:4
FNDA:61,(anonymous_0)
FNDA:7,(anonymous_1)
FNDA:20,(anonymous_2)
FNDA:17,(anonymous_3)
DA:2,3
DA:6,61
DA:7,61
DA:9,61
DA:11,61
DA:12,61
DA:13,61
DA:14,61
DA:15,14
DA:17,61
DA:18,61
DA:21,61
DA:22,57
DA:25,61
DA:28,3
DA:32,7
DA:34,6
DA:35,20
DA:37,17
LF:19
LH:19
BRDA:14,0,0,14
BRDA:21,1,0,57
BRDA:32,2,0,1
BRDA:39,3,0,7
BRDA:39,3,1,10
BRF:5
BRH:5
end_of_record
